SF:lib\providers\like_mutation_provider.dart
DA:6,2
DA:9,1
DA:10,1
DA:13,1
DA:14,1
DA:16,0
DA:21,3
DA:22,2
LF:8
LH:7
end_of_record
SF:lib\providers\recipe_detail_provider.dart
DA:7,2
DA:14,2
DA:17,2
DA:18,4
DA:23,6
LF:5
LH:5
end_of_record
SF:lib\providers\recipe_list_provider.dart
DA:8,0
DA:16,2
DA:19,2
DA:23,0
DA:29,4
DA:30,4
DA:31,2
LF:7
LH:5
end_of_record
SF:lib\providers\ui_store.dart
DA:7,1
DA:9,2
DA:10,1
DA:11,0
DA:18,1
DA:20,3
DA:21,2
DA:22,1
DA:25,0
DA:26,0
DA:29,1
DA:30,2
DA:31,3
DA:32,2
DA:36,3
LF:15
LH:12
end_of_record
SF:lib\screens\recipe_detail_screen.dart
DA:53,1
DA:57,1
DA:59,4
DA:60,1
DA:61,1
DA:62,1
DA:63,2
DA:64,4
DA:66,1
DA:67,0
LF:10
LH:9
end_of_record
SF:lib\screens\recipe_list_screen.dart
DA:62,1
DA:64,1
DA:66,2
DA:67,1
DA:68,1
DA:69,1
DA:70,2
DA:71,1
DA:72,0
DA:73,0
DA:74,0
DA:75,0
DA:76,0
DA:79,0
DA:84,1
DA:85,0
DA:98,0
DA:100,0
DA:104,0
DA:105,0
DA:108,0
DA:109,0
DA:112,0
DA:113,0
DA:117,0
LF:25
LH:9
end_of_record
